==================== Iniciando Atualização de Contatos Eloqua -> Mastermaq ====================
Contato atualizado com sucesso no SI da Mastermaq. (nromano@esloit.com)
==================== Iniciando Integração de Contas Mastermaq -> Eloqua ====================
Conta atualizada com sucesso. (Código SI Empresa: 10020)
Conta atualizada com sucesso. (Código SI Empresa: 10013)
Conta atualizada com sucesso. (Código SI Empresa: 10065)
Conta atualizada com sucesso. (Código SI Empresa: 10083)
Conta atualizada com sucesso. (Código SI Empresa: 10111)
Conta atualizada com sucesso. (Código SI Empresa: 10127)
Conta atualizada com sucesso. (Código SI Empresa: 10072)
Conta atualizada com sucesso. (Código SI Empresa: 10106)
Conta atualizada com sucesso. (Código SI Empresa: 10281)
Conta atualizada com sucesso. (Código SI Empresa: 10153)
Conta atualizada com sucesso. (Código SI Empresa: 10197)
Conta atualizada com sucesso. (Código SI Empresa: 10182)
Conta atualizada com sucesso. (Código SI Empresa: 10199)
Conta atualizada com sucesso. (Código SI Empresa: 10117)
Conta atualizada com sucesso. (Código SI Empresa: 10136)
Conta atualizada com sucesso. (Código SI Empresa: 10158)
Conta atualizada com sucesso. (Código SI Empresa: 10248)
Conta atualizada com sucesso. (Código SI Empresa: 10389)
Conta atualizada com sucesso. (Código SI Empresa: 10424)
Conta atualizada com sucesso. (Código SI Empresa: 10226)
Conta atualizada com sucesso. (Código SI Empresa: 10302)
Conta atualizada com sucesso. (Código SI Empresa: 10303)
Conta atualizada com sucesso. (Código SI Empresa: 10370)
Conta atualizada com sucesso. (Código SI Empresa: 10473)
Conta atualizada com sucesso. (Código SI Empresa: 10484)
Conta atualizada com sucesso. (Código SI Empresa: 10536)
Conta atualizada com sucesso. (Código SI Empresa: 10421)
Conta atualizada com sucesso. (Código SI Empresa: 10262)
Conta atualizada com sucesso. (Código SI Empresa: 10482)
Conta atualizada com sucesso. (Código SI Empresa: 10331)
Conta atualizada com sucesso. (Código SI Empresa: 10607)
Conta atualizada com sucesso. (Código SI Empresa: 10433)
Conta atualizada com sucesso. (Código SI Empresa: 10468)
Conta atualizada com sucesso. (Código SI Empresa: 10654)
Conta atualizada com sucesso. (Código SI Empresa: 10729)
Conta atualizada com sucesso. (Código SI Empresa: 10745)
Conta atualizada com sucesso. (Código SI Empresa: 10805)
Conta atualizada com sucesso. (Código SI Empresa: 10820)
Conta atualizada com sucesso. (Código SI Empresa: 10878)
Conta atualizada com sucesso. (Código SI Empresa: 10493)
Conta atualizada com sucesso. (Código SI Empresa: 10735)
Conta atualizada com sucesso. (Código SI Empresa: 10900)
Conta atualizada com sucesso. (Código SI Empresa: 10933)
Conta atualizada com sucesso. (Código SI Empresa: 10613)
Conta atualizada com sucesso. (Código SI Empresa: 10645)
Conta atualizada com sucesso. (Código SI Empresa: 10840)
Conta atualizada com sucesso. (Código SI Empresa: 10970)
Conta atualizada com sucesso. (Código SI Empresa: 11113)
Conta atualizada com sucesso. (Código SI Empresa: 10648)
Conta atualizada com sucesso. (Código SI Empresa: 11003)
Conta atualizada com sucesso. (Código SI Empresa: 10936)
Conta atualizada com sucesso. (Código SI Empresa: 10971)
Conta atualizada com sucesso. (Código SI Empresa: 10666)
Conta atualizada com sucesso. (Código SI Empresa: 10678)
Conta atualizada com sucesso. (Código SI Empresa: 11140)
Conta atualizada com sucesso. (Código SI Empresa: 11228)
Conta atualizada com sucesso. (Código SI Empresa: 10850)
Conta atualizada com sucesso. (Código SI Empresa: 11049)
Conta atualizada com sucesso. (Código SI Empresa: 11286)
Conta atualizada com sucesso. (Código SI Empresa: 11310)
Conta atualizada com sucesso. (Código SI Empresa: 11038)
Conta criada com sucesso. (11293)
Conta atualizada com sucesso. (Código SI Empresa: 10892)
Conta atualizada com sucesso. (Código SI Empresa: 10905)
Conta atualizada com sucesso. (Código SI Empresa: 11443)
Conta criada com sucesso. (10993)
Conta atualizada com sucesso. (Código SI Empresa: 10945)
Conta atualizada com sucesso. (Código SI Empresa: 10830)
Conta atualizada com sucesso. (Código SI Empresa: 11011)
Conta atualizada com sucesso. (Código SI Empresa: 10982)
Conta atualizada com sucesso. (Código SI Empresa: 11005)
Conta atualizada com sucesso. (Código SI Empresa: 11134)
Conta atualizada com sucesso. (Código SI Empresa: 11926)
Conta atualizada com sucesso. (Código SI Empresa: 11253)
Conta atualizada com sucesso. (Código SI Empresa: 11295)
Conta atualizada com sucesso. (Código SI Empresa: 11879)
Conta atualizada com sucesso. (Código SI Empresa: 11399)
Conta atualizada com sucesso. (Código SI Empresa: 11422)
Conta atualizada com sucesso. (Código SI Empresa: 11459)
Conta atualizada com sucesso. (Código SI Empresa: 11257)
Conta atualizada com sucesso. (Código SI Empresa: 11383)
Conta atualizada com sucesso. (Código SI Empresa: 12248)
Conta atualizada com sucesso. (Código SI Empresa: 11333)
Conta atualizada com sucesso. (Código SI Empresa: 11229)
Conta atualizada com sucesso. (Código SI Empresa: 11330)
Conta atualizada com sucesso. (Código SI Empresa: 11439)
Conta atualizada com sucesso. (Código SI Empresa: 11441)
Conta atualizada com sucesso. (Código SI Empresa: 11482)
Conta atualizada com sucesso. (Código SI Empresa: 11535)
Conta atualizada com sucesso. (Código SI Empresa: 11542)
Conta atualizada com sucesso. (Código SI Empresa: 12055)
Conta atualizada com sucesso. (Código SI Empresa: 11601)
Conta atualizada com sucesso. (Código SI Empresa: 11616)
Conta atualizada com sucesso. (Código SI Empresa: 11513)
Conta atualizada com sucesso. (Código SI Empresa: 11668)
Conta atualizada com sucesso. (Código SI Empresa: 12160)
Conta atualizada com sucesso. (Código SI Empresa: 12175)
Conta atualizada com sucesso. (Código SI Empresa: 12281)
Conta atualizada com sucesso. (Código SI Empresa: 11696)
Conta atualizada com sucesso. (Código SI Empresa: 12427)
==================== Iniciando Integração de Contatos Mastermaq -> Eloqua ====================
==================== Iniciando Integração de Contatos Mastermaq -> Eloqua ====================
==================== Iniciando Integração de Contatos Mastermaq -> Eloqua ====================
==================== Iniciando Integração de Contatos Mastermaq -> Eloqua ====================
==================== Iniciando Integração de Contatos Mastermaq -> Eloqua ====================
Contato atualizado com sucesso. (rggusmao@zipmail.com.br)
Contato atualizado com sucesso. (biracontabilidade@bol.com.br)
==================== Iniciando Integração de Contatos Mastermaq -> Eloqua ====================
Contato atualizado com sucesso. (rggusmao@zipmail.com.br)
Contato atualizado com sucesso. (biracontabilidade@bol.com.br)
Contato atualizado com sucesso. (bruneves@bruneves.com.br)
Contato atualizado com sucesso. (ebpi.engenharia@gmail.com)
Contato atualizado com sucesso. (mpinto@netsan.com.br)
Contato atualizado com sucesso. (nsguia@megasimples.com.br)
Contato atualizado com sucesso. (vittoriavanin@hotmail.com)
Contato atualizado com sucesso. (emdoriolbeato@yahoo.com.br)
Contato atualizado com sucesso. (marlene@contabilidadejomar.com.br)
Contato atualizado com sucesso. (contabilidadelima@limanet.com.br)
Contato atualizado com sucesso. (controcha@gmail.com)
Contato atualizado com sucesso. (gmateus@netsite.com.br)
Contato atualizado com sucesso. (gmateus@netsite.com.br)
Contato atualizado com sucesso. (sbarbara@megasimples.com.br)
Contato atualizado com sucesso. (fpires@redebristol.com.br)
Contato atualizado com sucesso. (financeiro@imr.com.br)
Contato atualizado com sucesso. (faturamento@imr.com.br)
Contato atualizado com sucesso. (contabil@imr.com.br)
Contato atualizado com sucesso. (rocar@veloxmail.com.br)
Contato atualizado com sucesso. (unirpgd@yahoo.com.br)
Contato atualizado com sucesso. (veigamimi@ig.com.br)
Contato atualizado com sucesso. (rpsantos.contabil@ig.com.br)
Contato atualizado com sucesso. (angloiturama@enetec.com.br)
Contato atualizado com sucesso. (ebenezer_contabilidade@hotmail.com)
Contato atualizado com sucesso. (foxboro@terra.com.br)
Contato atualizado com sucesso. (contabpassatempo@uol.com.br)
Contato atualizado com sucesso. (departamentopessoal@sinttrocel.org.br)
Contato atualizado com sucesso. (tesouraria@metodista4re.org.br)
Contato atualizado com sucesso. (gcescont@yahoo.com.br)
Contato atualizado com sucesso. (mmcontab@oi.com.br)
Contato atualizado com sucesso. (mclcontab@yahoo.com.br)
Contato atualizado com sucesso. (contabilidade@pajeu.com.br)
Contato atualizado com sucesso. (herbertdiplomata@yahoo.com.br)
Contato atualizado com sucesso. (herbertdiplomata@yahoo.com.br)
Contato atualizado com sucesso. (abomg@abomg.org.br)
Contato atualizado com sucesso. (contabil@abomg.org.br)
Contato atualizado com sucesso. (conda@terra.com.br)
Contato atualizado com sucesso. (financeiro2@condaeng.com.br)
Contato atualizado com sucesso. (contabilidadeorlando@yahoo.com.br)
Contato atualizado com sucesso. (genius@intergenius.inf.br)
Contato atualizado com sucesso. (cleber@pendaoreal.com.br)
Contato atualizado com sucesso. (cleber@pendaoreal.com.br)
Contato atualizado com sucesso. (contabilidadeom@yahoo.com.br)
Contato atualizado com sucesso. (escritorio@colonialagropecuaria.com.br)
Contato atualizado com sucesso. (anappfn@hotmail.com)
Contato atualizado com sucesso. (galmeida@infonet.com.br)
Contato atualizado com sucesso. (synara-gomes@ig.com.br)
Contato atualizado com sucesso. (djanine@digi.com.br)
Contato atualizado com sucesso. (gemagalganni@hotmail.com)
Contato atualizado com sucesso. (psoft@elo.com.br)
Contato atualizado com sucesso. (escolalogosoficabh@logosofia.com.br)
Contato atualizado com sucesso. (spralvin@gmail.com)
Contato atualizado com sucesso. (spralvin@robynet.com.br)
Contato atualizado com sucesso. (rgrande@uai.com.br)
Contato atualizado com sucesso. (soma@soma.com.br)
Contato atualizado com sucesso. (informatica@soma.com.br)
Contato atualizado com sucesso. (aquinocont@hotmail.com)
Contato atualizado com sucesso. (dinamica_cont@uol.com.br)
Contato atualizado com sucesso. (cartonagemtriangulo@artonagemtriangulo.com.br)
Contato atualizado com sucesso. (gurgelmax@bol.com.br)
Contato atualizado com sucesso. (supervisaopessoal@hotmail.com)
Contato atualizado com sucesso. (eduvardorobison@yahoo.com.br)
Contato atualizado com sucesso. (fabiana_limaramos@yahoo.com.br)
Contato atualizado com sucesso. (aldomircontabilidade@bol.com.br)
Contato atualizado com sucesso. (massaoshimon@yahoo.com.br)
Contato atualizado com sucesso. (numilde@andef.com.br)
Contato atualizado com sucesso. (silcontabilidade@ig.com.br)
Contato atualizado com sucesso. (adyr.amaral@gmail.com)
Contato atualizado com sucesso. (fiscal@ccoltda.com.br)
Contato atualizado com sucesso. (contabilidade@msoldas.com.br)
Contato atualizado com sucesso. (apjcc@bol.com.br)
Contato atualizado com sucesso. (ti@expressofigueiredo.com.br)
Contato atualizado com sucesso. (solange_assiria@sivnet.com.br)
Contato atualizado com sucesso. (solange_assiria@sivnet.com.br)
Contato atualizado com sucesso. (solange_assiria@sivnet.com.br)
Contato atualizado com sucesso. (superadministracao@terra.com.br)
Contato atualizado com sucesso. (organifon@ig.com.br)
Contato atualizado com sucesso. (cozinhadazira@uol.com.br)
Contato atualizado com sucesso. (lindalva.pimentel@ig.com.br)
Contato atualizado com sucesso. (herault@oi.com.br)
Contato atualizado com sucesso. (justina.ines@garagemoderna.com.br)
Contato atualizado com sucesso. (portoseguro@portuseguro.eng.br)
Contato atualizado com sucesso. (contacel@terra.com.br)
Contato atualizado com sucesso. (realcontabil@portalsat.com.br)
Contato atualizado com sucesso. (jpls.leroy@gmail.com)
Contato atualizado com sucesso. (cest@auxiliadora.g12.br)
Contato atualizado com sucesso. (lucia@auxiliadora.g12.br)
Contato atualizado com sucesso. (adjanesoares@hotmail.com)
Contato atualizado com sucesso. (doressaude@hotmail.com)
Contato atualizado com sucesso. (renato@gerirconsultoria.com.br)
Contato atualizado com sucesso. (pessoal@otobai.com.br)
Contato atualizado com sucesso. (financeiro@silifertil.com.br)
Contato atualizado com sucesso. (silifertil@silifertil.com.br)
Contato atualizado com sucesso. (cmjc@uai.com.br)
Contato atualizado com sucesso. (jrcontabilidadeassecon@ig.com.br)
Contato atualizado com sucesso. (rc.dajusta@uol.com.br)
Contato atualizado com sucesso. (joseilas@hotmail.com)
Contato atualizado com sucesso. (conscol.ce@uol.com.br)
Contato atualizado com sucesso. (irapuanpn@uol.com.br)
Contato atualizado com sucesso. (ivan_af@uol.com.br)
